#
# There is insufficient memory for the Java Runtime Environment to continue.
# Native memory allocation (malloc) failed to allocate 1048576 bytes. Error detail: AllocateHeap
# Possible reasons:
#   The system is out of physical RAM or swap space
#   This process is running with CompressedOops enabled, and the Java Heap may be blocking the growth of the native heap
# Possible solutions:
#   Reduce memory load on the system
#   Increase physical memory or swap space
#   Check if swap backing store is full
#   Decrease Java heap size (-Xmx/-Xms)
#   Decrease number of Java threads
#   Decrease Java thread stack sizes (-Xss)
#   Set larger code cache with -XX:ReservedCodeCacheSize=
#   JVM is running with Unscaled Compressed Oops mode in which the Java heap is
#     placed in the first 4GB address space. The Java Heap base address is the
#     maximum limit for the native heap growth. Please use -XX:HeapBaseMinAddress
#     to set the Java Heap base and to place the Java Heap above 4GB virtual address.
# This output file may be truncated or incomplete.
#
#  Out of Memory Error (allocation.cpp:44), pid=13320, tid=13960
#
# JRE version: OpenJDK Runtime Environment Temurin-21.0.8+9 (21.0.8+9) (build 21.0.8+9-LTS)
# Java VM: OpenJDK 64-Bit Server VM Temurin-21.0.8+9 (21.0.8+9-LTS, mixed mode, sharing, tiered, compressed oops, compressed class ptrs, parallel gc, windows-amd64)
# No core dump will be written. Minidumps are not enabled by default on client versions of Windows
#

---------------  S U M M A R Y ------------

Command Line: --add-modules=ALL-SYSTEM --add-opens=java.base/java.util=ALL-UNNAMED --add-opens=java.base/java.lang=ALL-UNNAMED --add-opens=java.base/sun.nio.fs=ALL-UNNAMED -Declipse.application=org.eclipse.jdt.ls.core.id1 -Dosgi.bundles.defaultStartLevel=4 -Declipse.product=org.eclipse.jdt.ls.core.product -Djava.import.generatesMetadataFilesAtProjectRoot=false -DDetectVMInstallationsJob.disabled=true -Dfile.encoding=utf8 -XX:+UseParallelGC -XX:GCTimeRatio=4 -XX:AdaptiveSizePolicyWeight=90 -Dsun.zip.disableMemoryMapping=true -Xmx2G -Xms100m -Xlog:disable -javaagent:c:\Users\servisofts\.vscode\extensions\redhat.java-1.44.0-win32-x64\lombok\lombok-1.18.39-4050.jar -XX:+HeapDumpOnOutOfMemoryError -XX:HeapDumpPath=c:\Users\servisofts\AppData\Roaming\Code\User\workspaceStorage\9b547ea94417926077dcc4588e29961c\redhat.java -Daether.dependencyCollector.impl=bf c:\Users\servisofts\.vscode\extensions\redhat.java-1.44.0-win32-x64\server\plugins\org.eclipse.equinox.launcher_1.7.0.v20250519-0528.jar -configuration c:\Users\servisofts\AppData\Roaming\Code\User\globalStorage\redhat.java\1.44.0\config_win -data c:\Users\servisofts\AppData\Roaming\Code\User\workspaceStorage\9b547ea94417926077dcc4588e29961c\redhat.java\jdt_ws --pipe=\\.\pipe\lsp-f26a3832527cb530e519103658570ae7-sock

Host: Intel(R) Core(TM) i5-6400 CPU @ 2.70GHz, 4 cores, 15G,  Windows 10 , 64 bit Build 19041 (10.0.19041.5915)
Time: Wed Aug 27 18:17:50 2025 SA Western Standard Time elapsed time: 8035.642014 seconds (0d 2h 13m 55s)

---------------  T H R E A D  ---------------

Current thread (0x0000012bc4e7d380):  JavaThread "Attach Listener" daemon [_thread_in_vm, id=13960, stack(0x000000044f500000,0x000000044f600000) (1024K)]

Stack: [0x000000044f500000,0x000000044f600000]
Native frames: (J=compiled Java code, j=interpreted, Vv=VM code, C=native code)
V  [jvm.dll+0x6d2449]
V  [jvm.dll+0x8ae341]
V  [jvm.dll+0x8b08be]
V  [jvm.dll+0x8b0fa3]
V  [jvm.dll+0x280c96]
V  [jvm.dll+0xc0347]
V  [jvm.dll+0x6d2cf9]
V  [jvm.dll+0x131116]
V  [jvm.dll+0x3f2d16]
V  [jvm.dll+0x857e6b]
V  [jvm.dll+0x6d0b0d]
C  [ucrtbase.dll+0x21bb2]
C  [KERNEL32.DLL+0x17374]
C  [ntdll.dll+0x4cc91]


---------------  P R O C E S S  ---------------

Threads class SMR info:
_java_thread_list=0x0000012c0e9d0fe0, length=39, elements={
0x0000012bae49edf0, 0x0000012bc4e74870, 0x0000012bc4e77ae0, 0x0000012bc4e78fa0,
0x0000012bc4e7d380, 0x0000012bc4e7ac20, 0x0000012bc4e7ccf0, 0x0000012bc4e821f0,
0x0000012bc4ef8b00, 0x0000012bc4e7a590, 0x0000012bc4e7bfd0, 0x0000012bc4e7b940,
0x0000012bc4e79f00, 0x0000012bc4e7b2b0, 0x0000012bc4e7c660, 0x0000012c0b45da70,
0x0000012c0b4622a0, 0x0000012c0b464a00, 0x0000012c0b45e790, 0x0000012c0b45fb40,
0x0000012c0b4601d0, 0x0000012c0b460860, 0x0000012c0b462930, 0x0000012c0b461580,
0x0000012c0b462fc0, 0x0000012c0b463650, 0x0000012c0b463ce0, 0x0000012c0d8df220,
0x0000012c0d8e12f0, 0x0000012c0d8dbda0, 0x0000012c0c214e40, 0x0000012c0c2182c0,
0x0000012c0c212d70, 0x0000012c0c2147b0, 0x0000012c0c218950, 0x0000012c0c2154d0,
0x0000012c0c2161f0, 0x0000012c0c215b60, 0x0000012c0c213a90
}

Java Threads: ( => current thread )
  0x0000012bae49edf0 JavaThread "main"                              [_thread_blocked, id=10692, stack(0x000000044ee00000,0x000000044ef00000) (1024K)]
  0x0000012bc4e74870 JavaThread "Reference Handler"          daemon [_thread_blocked, id=3776, stack(0x000000044f200000,0x000000044f300000) (1024K)]
  0x0000012bc4e77ae0 JavaThread "Finalizer"                  daemon [_thread_blocked, id=9524, stack(0x000000044f300000,0x000000044f400000) (1024K)]
  0x0000012bc4e78fa0 JavaThread "Signal Dispatcher"          daemon [_thread_blocked, id=6236, stack(0x000000044f400000,0x000000044f500000) (1024K)]
=>0x0000012bc4e7d380 JavaThread "Attach Listener"            daemon [_thread_in_vm, id=13960, stack(0x000000044f500000,0x000000044f600000) (1024K)]
  0x0000012bc4e7ac20 JavaThread "Service Thread"             daemon [_thread_blocked, id=14196, stack(0x000000044f600000,0x000000044f700000) (1024K)]
  0x0000012bc4e7ccf0 JavaThread "Monitor Deflation Thread"   daemon [_thread_blocked, id=13096, stack(0x000000044f700000,0x000000044f800000) (1024K)]
  0x0000012bc4e821f0 JavaThread "C2 CompilerThread0"         daemon [_thread_blocked, id=12968, stack(0x000000044f800000,0x000000044f900000) (1024K)]
  0x0000012bc4ef8b00 JavaThread "C1 CompilerThread0"         daemon [_thread_blocked, id=9060, stack(0x000000044f900000,0x000000044fa00000) (1024K)]
  0x0000012bc4e7a590 JavaThread "Common-Cleaner"             daemon [_thread_blocked, id=12076, stack(0x000000044fa00000,0x000000044fb00000) (1024K)]
  0x0000012bc4e7bfd0 JavaThread "Notification Thread"        daemon [_thread_blocked, id=13536, stack(0x000000044fb00000,0x000000044fc00000) (1024K)]
  0x0000012bc4e7b940 JavaThread "Active Thread: Equinox Container: 58be4693-c2e7-4832-9f42-09eb92ba8bef"        [_thread_blocked, id=7612, stack(0x000000044fc00000,0x000000044fd00000) (1024K)]
  0x0000012bc4e79f00 JavaThread "Refresh Thread: Equinox Container: 58be4693-c2e7-4832-9f42-09eb92ba8bef" daemon [_thread_blocked, id=196, stack(0x0000000450000000,0x0000000450100000) (1024K)]
  0x0000012bc4e7b2b0 JavaThread "Framework Event Dispatcher: Equinox Container: 58be4693-c2e7-4832-9f42-09eb92ba8bef" daemon [_thread_blocked, id=7200, stack(0x0000000450100000,0x0000000450200000) (1024K)]
  0x0000012bc4e7c660 JavaThread "Start Level: Equinox Container: 58be4693-c2e7-4832-9f42-09eb92ba8bef" daemon [_thread_blocked, id=7184, stack(0x0000000450200000,0x0000000450300000) (1024K)]
  0x0000012c0b45da70 JavaThread "Bundle File Closer"         daemon [_thread_blocked, id=6436, stack(0x0000000450300000,0x0000000450400000) (1024K)]
  0x0000012c0b4622a0 JavaThread "SCR Component Actor"        daemon [_thread_blocked, id=12112, stack(0x000000044ec00000,0x000000044ed00000) (1024K)]
  0x0000012c0b464a00 JavaThread "Worker-JM"                         [_thread_blocked, id=13968, stack(0x0000000450400000,0x0000000450500000) (1024K)]
  0x0000012c0b45e790 JavaThread "JNA Cleaner"                daemon [_thread_blocked, id=6604, stack(0x0000000450700000,0x0000000450800000) (1024K)]
  0x0000012c0b45fb40 JavaThread "Java indexing"              daemon [_thread_blocked, id=4100, stack(0x0000000450900000,0x0000000450a00000) (1024K)]
  0x0000012c0b4601d0 JavaThread "Worker-4"                          [_thread_blocked, id=4552, stack(0x0000000450b00000,0x0000000450c00000) (1024K)]
  0x0000012c0b460860 JavaThread "Worker-6"                          [_thread_blocked, id=12956, stack(0x0000000451000000,0x0000000451100000) (1024K)]
  0x0000012c0b462930 JavaThread "Thread-3"                   daemon [_thread_in_native, id=6824, stack(0x0000000451300000,0x0000000451400000) (1024K)]
  0x0000012c0b461580 JavaThread "Thread-4"                   daemon [_thread_in_native, id=6856, stack(0x0000000451400000,0x0000000451500000) (1024K)]
  0x0000012c0b462fc0 JavaThread "Thread-5"                   daemon [_thread_in_native, id=1988, stack(0x0000000451500000,0x0000000451600000) (1024K)]
  0x0000012c0b463650 JavaThread "Thread-6"                   daemon [_thread_in_native, id=14120, stack(0x0000000451600000,0x0000000451700000) (1024K)]
  0x0000012c0b463ce0 JavaThread "Thread-7"                   daemon [_thread_in_native, id=13716, stack(0x0000000451700000,0x0000000451800000) (1024K)]
  0x0000012c0d8df220 JavaThread "pool-2-thread-1"                   [_thread_blocked, id=6324, stack(0x0000000451800000,0x0000000451900000) (1024K)]
  0x0000012c0d8e12f0 JavaThread "WorkspaceEventsHandler"            [_thread_blocked, id=1572, stack(0x0000000451a00000,0x0000000451b00000) (1024K)]
  0x0000012c0d8dbda0 JavaThread "pool-1-thread-1"                   [_thread_blocked, id=14140, stack(0x0000000451b00000,0x0000000451c00000) (1024K)]
  0x0000012c0c214e40 JavaThread "Cleaner-0"                  daemon [_thread_blocked, id=13832, stack(0x0000000450a00000,0x0000000450b00000) (1024K)]
  0x0000012c0c2182c0 JavaThread "Java Debug Server"          daemon [_thread_in_native, id=1344, stack(0x0000000450600000,0x0000000450700000) (1024K)]
  0x0000012c0c212d70 JavaThread "pool-3-thread-1"                   [_thread_in_native, id=8884, stack(0x0000000451100000,0x0000000451200000) (1024K)]
  0x0000012c0c2147b0 JavaThread "RxSchedulerPurge-1"         daemon [_thread_blocked, id=6648, stack(0x0000000451e00000,0x0000000451f00000) (1024K)]
  0x0000012c0c218950 JavaThread "RxCachedWorkerPoolEvictor-1" daemon [_thread_blocked, id=4248, stack(0x0000000452100000,0x0000000452200000) (1024K)]
  0x0000012c0c2154d0 JavaThread "RxNewThreadScheduler-1"     daemon [_thread_blocked, id=6252, stack(0x0000000452200000,0x0000000452300000) (1024K)]
  0x0000012c0c2161f0 JavaThread "Packet Receive Manager"     daemon [_thread_in_native, id=764, stack(0x0000000451c00000,0x0000000451d00000) (1024K)]
  0x0000012c0c215b60 JavaThread "Packet Send Manager"        daemon [_thread_blocked, id=14004, stack(0x0000000452400000,0x0000000452500000) (1024K)]
  0x0000012c0c213a90 JavaThread "Event Hub"                  daemon [_thread_blocked, id=11688, stack(0x0000000452600000,0x0000000452700000) (1024K)]
Total: 39

Other Threads:
  0x0000012bc4e5b000 VMThread "VM Thread"                           [id=13800, stack(0x000000044f100000,0x000000044f200000) (1024K)]
  0x0000012bae563bd0 WatcherThread "VM Periodic Task Thread"        [id=13736, stack(0x000000044f000000,0x000000044f100000) (1024K)]
  0x0000012bae4bbaf0 WorkerThread "GC Thread#0"                     [id=13788, stack(0x000000044ef00000,0x000000044f000000) (1024K)]
  0x0000012c0b2c83b0 WorkerThread "GC Thread#1"                     [id=8424, stack(0x000000044fd00000,0x000000044fe00000) (1024K)]
  0x0000012c0b2c8b60 WorkerThread "GC Thread#2"                     [id=13008, stack(0x000000044fe00000,0x000000044ff00000) (1024K)]
  0x0000012c0b2caf90 WorkerThread "GC Thread#3"                     [id=13776, stack(0x000000044ff00000,0x0000000450000000) (1024K)]
Total: 6

Threads with active compile tasks:
Total: 0

VM state: not at safepoint (normal execution)

VM Mutex/Monitor currently owned by a thread: None

Heap address: 0x0000000080000000, size: 2048 MB, Compressed Oops mode: 32-bit

CDS archive(s) mapped at: [0x0000012bc5000000-0x0000012bc5ba0000-0x0000012bc5ba0000), size 12189696, SharedBaseAddress: 0x0000012bc5000000, ArchiveRelocationMode: 1.
Compressed class space mapped at: 0x0000012bc6000000-0x0000012c06000000, reserved size: 1073741824
Narrow klass base: 0x0000012bc5000000, Narrow klass shift: 0, Narrow klass range: 0x100000000

GC Precious Log:
 CardTable entry size: 512
 CPUs: 4 total, 4 available
 Memory: 16323M
 Large Page Support: Disabled
 NUMA Support: Disabled
 Compressed Oops: Enabled (32-bit)
 Alignments: Space 512K, Generation 512K, Heap 2M
 Heap Min Capacity: 100M
 Heap Initial Capacity: 100M
 Heap Max Capacity: 2G
 Pre-touch: Disabled
 Parallel Workers: 4

Heap:
 PSYoungGen      total 9728K, used 3072K [0x00000000d5580000, 0x00000000d6280000, 0x0000000100000000)
  eden space 8704K, 31% used [0x00000000d5580000,0x00000000d58382f8,0x00000000d5e00000)
  from space 1024K, 28% used [0x00000000d6080000,0x00000000d60c8020,0x00000000d6180000)
  to   space 512K, 0% used [0x00000000d6200000,0x00000000d6200000,0x00000000d6280000)
 ParOldGen       total 782336K, used 782187K [0x0000000080000000, 0x00000000afc00000, 0x00000000d5580000)
  object space 782336K, 99% used [0x0000000080000000,0x00000000afbdadd8,0x00000000afc00000)
 Metaspace       used 76842K, committed 78336K, reserved 1179648K
  class space    used 8303K, committed 8896K, reserved 1048576K

Card table byte_map: [0x0000012bade70000,0x0000012bae280000] _byte_map_base: 0x0000012bada70000

Marking Bits: (ParMarkBitMap*) 0x00007ff96256a340
 Begin Bits: [0x0000012bc0950000, 0x0000012bc2950000)
 End Bits:   [0x0000012bc2950000, 0x0000012bc4950000)

Polling page: 0x0000012bac2c0000

Metaspace:

Usage:
  Non-class:     66.93 MB used.
      Class:      8.11 MB used.
       Both:     75.04 MB used.

Virtual space:
  Non-class space:      128.00 MB reserved,      67.81 MB ( 53%) committed,  2 nodes.
      Class space:        1.00 GB reserved,       8.69 MB ( <1%) committed,  1 nodes.
             Both:        1.12 GB reserved,      76.50 MB (  7%) committed. 

Chunk freelists:
   Non-Class:  12.23 MB
       Class:  7.13 MB
        Both:  19.36 MB

MaxMetaspaceSize: unlimited
CompressedClassSpaceSize: 1.00 GB
Initial GC threshold: 21.00 MB
Current GC threshold: 97.31 MB
CDS: on
 - commit_granule_bytes: 65536.
 - commit_granule_words: 8192.
 - virtual_space_node_default_size: 8388608.
 - enlarge_chunks_in_place: 1.
 - use_allocation_guard: 0.


Internal statistics:

num_allocs_failed_limit: 9.
num_arena_births: 1248.
num_arena_deaths: 14.
num_vsnodes_births: 3.
num_vsnodes_deaths: 0.
num_space_committed: 1224.
num_space_uncommitted: 0.
num_chunks_returned_to_freelist: 23.
num_chunks_taken_from_freelist: 4749.
num_chunk_merges: 12.
num_chunk_splits: 2905.
num_chunks_enlarged: 1623.
num_inconsistent_stats: 0.

CodeHeap 'non-profiled nmethods': size=120000Kb used=11806Kb max_used=11806Kb free=108194Kb
 bounds [0x0000012bb9170000, 0x0000012bb9d00000, 0x0000012bc06a0000]
CodeHeap 'profiled nmethods': size=120000Kb used=28127Kb max_used=28127Kb free=91872Kb
 bounds [0x0000012bb16a0000, 0x0000012bb3220000, 0x0000012bb8bd0000]
CodeHeap 'non-nmethods': size=5760Kb used=1516Kb max_used=1604Kb free=4243Kb
 bounds [0x0000012bb8bd0000, 0x0000012bb8e40000, 0x0000012bb9170000]
CodeCache: size=245760Kb, used=41449Kb, max_used=41537Kb, free=204309Kb
 total_blobs=12538, nmethods=11697, adapters=744, full_count=0
Compilation: enabled, stopped_count=0, restarted_count=0

Compilation events (20 events):
Event: 6154.655 Thread 0x0000012bc4ef8b00 12583       3       java.util.logging.LogManager::demandLogger (23 bytes)
Event: 6154.656 Thread 0x0000012bc4ef8b00 nmethod 12583 0x0000012bb3210090 code [0x0000012bb3210240, 0x0000012bb3210408]
Event: 6154.656 Thread 0x0000012bc4ef8b00 12584       3       java.util.logging.LogManager::getLogger (9 bytes)
Event: 6154.656 Thread 0x0000012bc4ef8b00 nmethod 12584 0x0000012bb3210510 code [0x0000012bb32106c0, 0x0000012bb32108d0]
Event: 7334.269 Thread 0x0000012bc4ef8b00 12585   !   3       org.eclipse.osgi.container.ModuleDatabase::getTimestamp (25 bytes)
Event: 7334.288 Thread 0x0000012bc4ef8b00 nmethod 12585 0x0000012bb3210a10 code [0x0000012bb3210c60, 0x0000012bb32115a8]
Event: 7424.281 Thread 0x0000012bc4ef8b00 12586       3       org.eclipse.osgi.storage.Storage::isReadOnly (10 bytes)
Event: 7424.285 Thread 0x0000012bc4ef8b00 nmethod 12586 0x0000012bb3211a10 code [0x0000012bb3211bc0, 0x0000012bb3211d40]
Event: 7576.997 Thread 0x0000012bc4ef8b00 12587       3       org.eclipse.core.internal.resources.MarkerInfo::shareStrings (21 bytes)
Event: 7577.000 Thread 0x0000012bc4ef8b00 nmethod 12587 0x0000012bb3211e10 code [0x0000012bb3211fe0, 0x0000012bb32121c0]
Event: 7694.324 Thread 0x0000012bc4ef8b00 12588   !   3       org.eclipse.osgi.internal.framework.StorageSaver$StorageSaverTask::run (31 bytes)
Event: 7694.344 Thread 0x0000012bc4ef8b00 nmethod 12588 0x0000012bb3212310 code [0x0000012bb32124e0, 0x0000012bb3212780]
Event: 7694.344 Thread 0x0000012bc4ef8b00 12589   !   3       org.eclipse.osgi.storage.Storage::save (62 bytes)
Event: 7694.347 Thread 0x0000012bc4ef8b00 nmethod 12589 0x0000012bb3212910 code [0x0000012bb3212b00, 0x0000012bb3212e70]
Event: 7694.347 Thread 0x0000012bc4ef8b00 12590   !   3       org.eclipse.osgi.storage.Storage::save0 (246 bytes)
Event: 7694.370 Thread 0x0000012bc4ef8b00 nmethod 12590 0x0000012bb3213010 code [0x0000012bb3213520, 0x0000012bb3216108]
Event: 7745.051 Thread 0x0000012bc4ef8b00 12591       3       java.lang.ClassLoader::getBuiltinPlatformClassLoader (4 bytes)
Event: 7745.052 Thread 0x0000012bc4ef8b00 nmethod 12591 0x0000012bb3217690 code [0x0000012bb3217840, 0x0000012bb3217990]
Event: 7835.055 Thread 0x0000012bc4ef8b00 12592       3       java.lang.ClassLoader::getPlatformClassLoader (21 bytes)
Event: 7835.056 Thread 0x0000012bc4ef8b00 nmethod 12592 0x0000012bb3217a10 code [0x0000012bb3217be0, 0x0000012bb3217e70]

GC Heap History (20 events):
Event: 239.380 GC heap before
{Heap before GC invocations=841 (full 3):
 PSYoungGen      total 12288K, used 9474K [0x00000000d5580000, 0x00000000d6580000, 0x0000000100000000)
  eden space 8704K, 100% used [0x00000000d5580000,0x00000000d5e00000,0x00000000d5e00000)
  from space 3584K, 21% used [0x00000000d5f80000,0x00000000d6040b90,0x00000000d6300000)
  to   space 1536K, 0% used [0x00000000d6400000,0x00000000d6400000,0x00000000d6580000)
 ParOldGen       total 775680K, used 775627K [0x0000000080000000, 0x00000000af580000, 0x00000000d5580000)
  object space 775680K, 99% used [0x0000000080000000,0x00000000af572e98,0x00000000af580000)
 Metaspace       used 70586K, committed 72000K, reserved 1114112K
  class space    used 7470K, committed 8064K, reserved 1048576K
}
Event: 239.383 GC heap after
{Heap after GC invocations=841 (full 3):
 PSYoungGen      total 9728K, used 768K [0x00000000d5580000, 0x00000000d6500000, 0x0000000100000000)
  eden space 8704K, 0% used [0x00000000d5580000,0x00000000d5580000,0x00000000d5e00000)
  from space 1024K, 75% used [0x00000000d6400000,0x00000000d64c0000,0x00000000d6500000)
  to   space 1024K, 0% used [0x00000000d6300000,0x00000000d6300000,0x00000000d6400000)
 ParOldGen       total 776192K, used 776094K [0x0000000080000000, 0x00000000af600000, 0x00000000d5580000)
  object space 776192K, 99% used [0x0000000080000000,0x00000000af5e7b00,0x00000000af600000)
 Metaspace       used 70586K, committed 72000K, reserved 1114112K
  class space    used 7470K, committed 8064K, reserved 1048576K
}
Event: 239.613 GC heap before
{Heap before GC invocations=842 (full 3):
 PSYoungGen      total 9728K, used 9395K [0x00000000d5580000, 0x00000000d6500000, 0x0000000100000000)
  eden space 8704K, 99% used [0x00000000d5580000,0x00000000d5deccd0,0x00000000d5e00000)
  from space 1024K, 75% used [0x00000000d6400000,0x00000000d64c0000,0x00000000d6500000)
  to   space 1024K, 0% used [0x00000000d6300000,0x00000000d6300000,0x00000000d6400000)
 ParOldGen       total 776192K, used 776094K [0x0000000080000000, 0x00000000af600000, 0x00000000d5580000)
  object space 776192K, 99% used [0x0000000080000000,0x00000000af5e7b00,0x00000000af600000)
 Metaspace       used 71290K, committed 72704K, reserved 1114112K
  class space    used 7550K, committed 8128K, reserved 1048576K
}
Event: 239.615 GC heap after
{Heap after GC invocations=842 (full 3):
 PSYoungGen      total 9216K, used 416K [0x00000000d5580000, 0x00000000d6480000, 0x0000000100000000)
  eden space 8704K, 0% used [0x00000000d5580000,0x00000000d5580000,0x00000000d5e00000)
  from space 512K, 81% used [0x00000000d6300000,0x00000000d6368000,0x00000000d6380000)
  to   space 1024K, 0% used [0x00000000d6380000,0x00000000d6380000,0x00000000d6480000)
 ParOldGen       total 776704K, used 776679K [0x0000000080000000, 0x00000000af680000, 0x00000000d5580000)
  object space 776704K, 99% used [0x0000000080000000,0x00000000af679f10,0x00000000af680000)
 Metaspace       used 71290K, committed 72704K, reserved 1114112K
  class space    used 7550K, committed 8128K, reserved 1048576K
}
Event: 240.538 GC heap before
{Heap before GC invocations=843 (full 3):
 PSYoungGen      total 9216K, used 9120K [0x00000000d5580000, 0x00000000d6480000, 0x0000000100000000)
  eden space 8704K, 100% used [0x00000000d5580000,0x00000000d5e00000,0x00000000d5e00000)
  from space 512K, 81% used [0x00000000d6300000,0x00000000d6368000,0x00000000d6380000)
  to   space 1024K, 0% used [0x00000000d6380000,0x00000000d6380000,0x00000000d6480000)
 ParOldGen       total 776704K, used 776679K [0x0000000080000000, 0x00000000af680000, 0x00000000d5580000)
  object space 776704K, 99% used [0x0000000080000000,0x00000000af679f10,0x00000000af680000)
 Metaspace       used 71708K, committed 73216K, reserved 1114112K
  class space    used 7599K, committed 8192K, reserved 1048576K
}
Event: 240.541 GC heap after
{Heap after GC invocations=843 (full 3):
 PSYoungGen      total 9216K, used 315K [0x00000000d5580000, 0x00000000d6400000, 0x0000000100000000)
  eden space 8704K, 0% used [0x00000000d5580000,0x00000000d5580000,0x00000000d5e00000)
  from space 512K, 61% used [0x00000000d6380000,0x00000000d63ced10,0x00000000d6400000)
  to   space 512K, 0% used [0x00000000d6300000,0x00000000d6300000,0x00000000d6380000)
 ParOldGen       total 777216K, used 777079K [0x0000000080000000, 0x00000000af700000, 0x00000000d5580000)
  object space 777216K, 99% used [0x0000000080000000,0x00000000af6ddf10,0x00000000af700000)
 Metaspace       used 71708K, committed 73216K, reserved 1114112K
  class space    used 7599K, committed 8192K, reserved 1048576K
}
Event: 241.075 GC heap before
{Heap before GC invocations=844 (full 3):
 PSYoungGen      total 9216K, used 9019K [0x00000000d5580000, 0x00000000d6400000, 0x0000000100000000)
  eden space 8704K, 100% used [0x00000000d5580000,0x00000000d5e00000,0x00000000d5e00000)
  from space 512K, 61% used [0x00000000d6380000,0x00000000d63ced10,0x00000000d6400000)
  to   space 512K, 0% used [0x00000000d6300000,0x00000000d6300000,0x00000000d6380000)
 ParOldGen       total 777216K, used 777079K [0x0000000080000000, 0x00000000af700000, 0x00000000d5580000)
  object space 777216K, 99% used [0x0000000080000000,0x00000000af6ddf10,0x00000000af700000)
 Metaspace       used 72910K, committed 74368K, reserved 1179648K
  class space    used 7724K, committed 8320K, reserved 1048576K
}
Event: 241.077 GC heap after
{Heap after GC invocations=844 (full 3):
 PSYoungGen      total 9216K, used 305K [0x00000000d5580000, 0x00000000d6400000, 0x0000000100000000)
  eden space 8704K, 0% used [0x00000000d5580000,0x00000000d5580000,0x00000000d5e00000)
  from space 512K, 59% used [0x00000000d6300000,0x00000000d634c5d0,0x00000000d6380000)
  to   space 512K, 0% used [0x00000000d6380000,0x00000000d6380000,0x00000000d6400000)
 ParOldGen       total 777728K, used 777295K [0x0000000080000000, 0x00000000af780000, 0x00000000d5580000)
  object space 777728K, 99% used [0x0000000080000000,0x00000000af713f20,0x00000000af780000)
 Metaspace       used 72910K, committed 74368K, reserved 1179648K
  class space    used 7724K, committed 8320K, reserved 1048576K
}
Event: 241.302 GC heap before
{Heap before GC invocations=845 (full 3):
 PSYoungGen      total 9216K, used 9009K [0x00000000d5580000, 0x00000000d6400000, 0x0000000100000000)
  eden space 8704K, 100% used [0x00000000d5580000,0x00000000d5e00000,0x00000000d5e00000)
  from space 512K, 59% used [0x00000000d6300000,0x00000000d634c5d0,0x00000000d6380000)
  to   space 512K, 0% used [0x00000000d6380000,0x00000000d6380000,0x00000000d6400000)
 ParOldGen       total 777728K, used 777295K [0x0000000080000000, 0x00000000af780000, 0x00000000d5580000)
  object space 777728K, 99% used [0x0000000080000000,0x00000000af713f20,0x00000000af780000)
 Metaspace       used 73788K, committed 75264K, reserved 1179648K
  class space    used 7890K, committed 8512K, reserved 1048576K
}
Event: 241.305 GC heap after
{Heap after GC invocations=845 (full 3):
 PSYoungGen      total 9216K, used 288K [0x00000000d5580000, 0x00000000d6400000, 0x0000000100000000)
  eden space 8704K, 0% used [0x00000000d5580000,0x00000000d5580000,0x00000000d5e00000)
  from space 512K, 56% used [0x00000000d6380000,0x00000000d63c8020,0x00000000d6400000)
  to   space 512K, 0% used [0x00000000d6300000,0x00000000d6300000,0x00000000d6380000)
 ParOldGen       total 777728K, used 777510K [0x0000000080000000, 0x00000000af780000, 0x00000000d5580000)
  object space 777728K, 99% used [0x0000000080000000,0x00000000af749b08,0x00000000af780000)
 Metaspace       used 73788K, committed 75264K, reserved 1179648K
  class space    used 7890K, committed 8512K, reserved 1048576K
}
Event: 248.072 GC heap before
{Heap before GC invocations=846 (full 3):
 PSYoungGen      total 9216K, used 8992K [0x00000000d5580000, 0x00000000d6400000, 0x0000000100000000)
  eden space 8704K, 100% used [0x00000000d5580000,0x00000000d5e00000,0x00000000d5e00000)
  from space 512K, 56% used [0x00000000d6380000,0x00000000d63c8020,0x00000000d6400000)
  to   space 512K, 0% used [0x00000000d6300000,0x00000000d6300000,0x00000000d6380000)
 ParOldGen       total 777728K, used 777510K [0x0000000080000000, 0x00000000af780000, 0x00000000d5580000)
  object space 777728K, 99% used [0x0000000080000000,0x00000000af749b08,0x00000000af780000)
 Metaspace       used 74842K, committed 76416K, reserved 1179648K
  class space    used 8046K, committed 8704K, reserved 1048576K
}
Event: 248.075 GC heap after
{Heap after GC invocations=846 (full 3):
 PSYoungGen      total 9216K, used 352K [0x00000000d5580000, 0x00000000d6400000, 0x0000000100000000)
  eden space 8704K, 0% used [0x00000000d5580000,0x00000000d5580000,0x00000000d5e00000)
  from space 512K, 68% used [0x00000000d6300000,0x00000000d6358000,0x00000000d6380000)
  to   space 512K, 0% used [0x00000000d6380000,0x00000000d6380000,0x00000000d6400000)
 ParOldGen       total 777728K, used 777662K [0x0000000080000000, 0x00000000af780000, 0x00000000d5580000)
  object space 777728K, 99% used [0x0000000080000000,0x00000000af76fb38,0x00000000af780000)
 Metaspace       used 74842K, committed 76416K, reserved 1179648K
  class space    used 8046K, committed 8704K, reserved 1048576K
}
Event: 248.257 GC heap before
{Heap before GC invocations=847 (full 3):
 PSYoungGen      total 9216K, used 9056K [0x00000000d5580000, 0x00000000d6400000, 0x0000000100000000)
  eden space 8704K, 100% used [0x00000000d5580000,0x00000000d5e00000,0x00000000d5e00000)
  from space 512K, 68% used [0x00000000d6300000,0x00000000d6358000,0x00000000d6380000)
  to   space 512K, 0% used [0x00000000d6380000,0x00000000d6380000,0x00000000d6400000)
 ParOldGen       total 777728K, used 777662K [0x0000000080000000, 0x00000000af780000, 0x00000000d5580000)
  object space 777728K, 99% used [0x0000000080000000,0x00000000af76fb38,0x00000000af780000)
 Metaspace       used 75237K, committed 76800K, reserved 1179648K
  class space    used 8107K, committed 8768K, reserved 1048576K
}
Event: 248.261 GC heap after
{Heap after GC invocations=847 (full 3):
 PSYoungGen      total 9216K, used 480K [0x00000000d5580000, 0x00000000d6600000, 0x0000000100000000)
  eden space 8704K, 0% used [0x00000000d5580000,0x00000000d5580000,0x00000000d5e00000)
  from space 512K, 93% used [0x00000000d6380000,0x00000000d63f8020,0x00000000d6400000)
  to   space 4096K, 0% used [0x00000000d5e00000,0x00000000d5e00000,0x00000000d6200000)
 ParOldGen       total 780800K, used 780311K [0x0000000080000000, 0x00000000afa80000, 0x00000000d5580000)
  object space 780800K, 99% used [0x0000000080000000,0x00000000afa05d50,0x00000000afa80000)
 Metaspace       used 75237K, committed 76800K, reserved 1179648K
  class space    used 8107K, committed 8768K, reserved 1048576K
}
Event: 248.612 GC heap before
{Heap before GC invocations=848 (full 3):
 PSYoungGen      total 9216K, used 9133K [0x00000000d5580000, 0x00000000d6600000, 0x0000000100000000)
  eden space 8704K, 99% used [0x00000000d5580000,0x00000000d5df36a0,0x00000000d5e00000)
  from space 512K, 93% used [0x00000000d6380000,0x00000000d63f8020,0x00000000d6400000)
  to   space 4096K, 0% used [0x00000000d5e00000,0x00000000d5e00000,0x00000000d6200000)
 ParOldGen       total 780800K, used 780311K [0x0000000080000000, 0x00000000afa80000, 0x00000000d5580000)
  object space 780800K, 99% used [0x0000000080000000,0x00000000afa05d50,0x00000000afa80000)
 Metaspace       used 75428K, committed 76928K, reserved 1179648K
  class space    used 8119K, committed 8768K, reserved 1048576K
}
Event: 248.615 GC heap after
{Heap after GC invocations=848 (full 3):
 PSYoungGen      total 12800K, used 1223K [0x00000000d5580000, 0x00000000d6400000, 0x0000000100000000)
  eden space 8704K, 0% used [0x00000000d5580000,0x00000000d5580000,0x00000000d5e00000)
  from space 4096K, 29% used [0x00000000d5e00000,0x00000000d5f31de0,0x00000000d6200000)
  to   space 2048K, 0% used [0x00000000d6200000,0x00000000d6200000,0x00000000d6400000)
 ParOldGen       total 780800K, used 780787K [0x0000000080000000, 0x00000000afa80000, 0x00000000d5580000)
  object space 780800K, 99% used [0x0000000080000000,0x00000000afa7ce28,0x00000000afa80000)
 Metaspace       used 75428K, committed 76928K, reserved 1179648K
  class space    used 8119K, committed 8768K, reserved 1048576K
}
Event: 254.708 GC heap before
{Heap before GC invocations=849 (full 3):
 PSYoungGen      total 12800K, used 9927K [0x00000000d5580000, 0x00000000d6400000, 0x0000000100000000)
  eden space 8704K, 100% used [0x00000000d5580000,0x00000000d5e00000,0x00000000d5e00000)
  from space 4096K, 29% used [0x00000000d5e00000,0x00000000d5f31de0,0x00000000d6200000)
  to   space 2048K, 0% used [0x00000000d6200000,0x00000000d6200000,0x00000000d6400000)
 ParOldGen       total 780800K, used 780787K [0x0000000080000000, 0x00000000afa80000, 0x00000000d5580000)
  object space 780800K, 99% used [0x0000000080000000,0x00000000afa7ce28,0x00000000afa80000)
 Metaspace       used 76425K, committed 77952K, reserved 1179648K
  class space    used 8279K, committed 8896K, reserved 1048576K
}
Event: 254.713 GC heap after
{Heap after GC invocations=849 (full 3):
 PSYoungGen      total 9216K, used 352K [0x00000000d5580000, 0x00000000d6280000, 0x0000000100000000)
  eden space 8704K, 0% used [0x00000000d5580000,0x00000000d5580000,0x00000000d5e00000)
  from space 512K, 68% used [0x00000000d6200000,0x00000000d6258000,0x00000000d6280000)
  to   space 1024K, 0% used [0x00000000d6080000,0x00000000d6080000,0x00000000d6180000)
 ParOldGen       total 782336K, used 781926K [0x0000000080000000, 0x00000000afc00000, 0x00000000d5580000)
  object space 782336K, 99% used [0x0000000080000000,0x00000000afb99b58,0x00000000afc00000)
 Metaspace       used 76425K, committed 77952K, reserved 1179648K
  class space    used 8279K, committed 8896K, reserved 1048576K
}
Event: 4527.304 GC heap before
{Heap before GC invocations=850 (full 3):
 PSYoungGen      total 9216K, used 9053K [0x00000000d5580000, 0x00000000d6280000, 0x0000000100000000)
  eden space 8704K, 99% used [0x00000000d5580000,0x00000000d5dff6c0,0x00000000d5e00000)
  from space 512K, 68% used [0x00000000d6200000,0x00000000d6258000,0x00000000d6280000)
  to   space 1024K, 0% used [0x00000000d6080000,0x00000000d6080000,0x00000000d6180000)
 ParOldGen       total 782336K, used 781926K [0x0000000080000000, 0x00000000afc00000, 0x00000000d5580000)
  object space 782336K, 99% used [0x0000000080000000,0x00000000afb99b58,0x00000000afc00000)
 Metaspace       used 76796K, committed 78272K, reserved 1179648K
  class space    used 8303K, committed 8896K, reserved 1048576K
}
Event: 4527.822 GC heap after
{Heap after GC invocations=850 (full 3):
 PSYoungGen      total 9728K, used 288K [0x00000000d5580000, 0x00000000d6280000, 0x0000000100000000)
  eden space 8704K, 0% used [0x00000000d5580000,0x00000000d5580000,0x00000000d5e00000)
  from space 1024K, 28% used [0x00000000d6080000,0x00000000d60c8020,0x00000000d6180000)
  to   space 512K, 0% used [0x00000000d6200000,0x00000000d6200000,0x00000000d6280000)
 ParOldGen       total 782336K, used 782187K [0x0000000080000000, 0x00000000afc00000, 0x00000000d5580000)
  object space 782336K, 99% used [0x0000000080000000,0x00000000afbdadd8,0x00000000afc00000)
 Metaspace       used 76796K, committed 78272K, reserved 1179648K
  class space    used 8303K, committed 8896K, reserved 1048576K
}

Dll operation events (12 events):
Event: 0.009 Loaded shared library c:\Users\servisofts\.vscode\extensions\redhat.java-1.44.0-win32-x64\jre\21.0.8-win32-x86_64\bin\java.dll
Event: 0.336 Loaded shared library c:\Users\servisofts\.vscode\extensions\redhat.java-1.44.0-win32-x64\jre\21.0.8-win32-x86_64\bin\zip.dll
Event: 1.332 Loaded shared library C:\Users\servisofts\.vscode\extensions\redhat.java-1.44.0-win32-x64\jre\21.0.8-win32-x86_64\bin\instrument.dll
Event: 1.335 Loaded shared library C:\Users\servisofts\.vscode\extensions\redhat.java-1.44.0-win32-x64\jre\21.0.8-win32-x86_64\bin\net.dll
Event: 1.337 Loaded shared library C:\Users\servisofts\.vscode\extensions\redhat.java-1.44.0-win32-x64\jre\21.0.8-win32-x86_64\bin\nio.dll
Event: 1.341 Loaded shared library C:\Users\servisofts\.vscode\extensions\redhat.java-1.44.0-win32-x64\jre\21.0.8-win32-x86_64\bin\zip.dll
Event: 1.578 Loaded shared library C:\Users\servisofts\.vscode\extensions\redhat.java-1.44.0-win32-x64\jre\21.0.8-win32-x86_64\bin\jimage.dll
Event: 2.081 Loaded shared library c:\Users\servisofts\.vscode\extensions\redhat.java-1.44.0-win32-x64\jre\21.0.8-win32-x86_64\bin\verify.dll
Event: 21.111 Loaded shared library C:\Users\servisofts\AppData\Roaming\Code\User\globalStorage\redhat.java\1.44.0\config_win\org.eclipse.equinox.launcher\org.eclipse.equinox.launcher.win32.win32.x86_64_1.2.1400.v20250730-1736\eclipse_11913.dll
Event: 75.887 Loaded shared library C:\Users\servisofts\AppData\Local\Temp\jna--1709682090\jna8250023404080521107.dll
Event: 93.253 Loaded shared library C:\Users\servisofts\.vscode\extensions\redhat.java-1.44.0-win32-x64\jre\21.0.8-win32-x86_64\bin\sunmscapi.dll
Event: 96.881 Loaded shared library C:\Users\servisofts\.vscode\extensions\redhat.java-1.44.0-win32-x64\jre\21.0.8-win32-x86_64\bin\extnet.dll

Deoptimization events (20 events):
Event: 3625.619 Thread 0x0000012c0c219d00 DEOPT PACKING pc=0x0000012bb20cd2db sp=0x000000044edfe5c0
Event: 3625.620 Thread 0x0000012c0c219d00 DEOPT UNPACKING pc=0x0000012bb8c24242 sp=0x000000044edfda58 mode 0
Event: 3626.042 Thread 0x0000012c0c219d00 DEOPT PACKING pc=0x0000012bb246a804 sp=0x000000044edfe480
Event: 3626.042 Thread 0x0000012c0c219d00 DEOPT UNPACKING pc=0x0000012bb8c24242 sp=0x000000044edfd938 mode 0
Event: 4873.194 Thread 0x0000012c0c2147b0 Uncommon trap: trap_request=0xffffffd6 fr.pc=0x0000012bb9cf4160 relative=0x0000000000000320
Event: 4873.194 Thread 0x0000012c0c2147b0 Uncommon trap: reason=array_check action=maybe_recompile pc=0x0000012bb9cf4160 method=java.util.concurrent.ScheduledThreadPoolExecutor$DelayedWorkQueue.offer(Ljava/lang/Runnable;)Z @ 65 c2
Event: 4873.194 Thread 0x0000012c0c2147b0 DEOPT PACKING pc=0x0000012bb9cf4160 sp=0x0000000451eff210
Event: 4873.195 Thread 0x0000012c0c2147b0 DEOPT UNPACKING pc=0x0000012bb8c23aa2 sp=0x0000000451eff0b0 mode 2
Event: 4873.205 Thread 0x0000012c0d8df220 Uncommon trap: trap_request=0xffffffd6 fr.pc=0x0000012bb9cf4160 relative=0x0000000000000320
Event: 4873.205 Thread 0x0000012c0d8df220 Uncommon trap: reason=array_check action=maybe_recompile pc=0x0000012bb9cf4160 method=java.util.concurrent.ScheduledThreadPoolExecutor$DelayedWorkQueue.offer(Ljava/lang/Runnable;)Z @ 65 c2
Event: 4873.205 Thread 0x0000012c0d8df220 DEOPT PACKING pc=0x0000012bb9cf4160 sp=0x00000004518ff100
Event: 4873.205 Thread 0x0000012c0d8df220 DEOPT UNPACKING pc=0x0000012bb8c23aa2 sp=0x00000004518fefa0 mode 2
Event: 4873.388 Thread 0x0000012bc4e7b940 Uncommon trap: trap_request=0xffffffd6 fr.pc=0x0000012bb9cf4160 relative=0x0000000000000320
Event: 4873.390 Thread 0x0000012bc4e7b940 Uncommon trap: reason=array_check action=maybe_recompile pc=0x0000012bb9cf4160 method=java.util.concurrent.ScheduledThreadPoolExecutor$DelayedWorkQueue.offer(Ljava/lang/Runnable;)Z @ 65 c2
Event: 4873.390 Thread 0x0000012bc4e7b940 DEOPT PACKING pc=0x0000012bb9cf4160 sp=0x000000044fcff2b0
Event: 4873.391 Thread 0x0000012bc4e7b940 DEOPT UNPACKING pc=0x0000012bb8c23aa2 sp=0x000000044fcff150 mode 2
Event: 4874.194 Thread 0x0000012c0c2147b0 Uncommon trap: trap_request=0xffffffd6 fr.pc=0x0000012bb9cf4160 relative=0x0000000000000320
Event: 4874.194 Thread 0x0000012c0c2147b0 Uncommon trap: reason=array_check action=maybe_recompile pc=0x0000012bb9cf4160 method=java.util.concurrent.ScheduledThreadPoolExecutor$DelayedWorkQueue.offer(Ljava/lang/Runnable;)Z @ 65 c2
Event: 4874.194 Thread 0x0000012c0c2147b0 DEOPT PACKING pc=0x0000012bb9cf4160 sp=0x0000000451eff210
Event: 4874.198 Thread 0x0000012c0c2147b0 DEOPT UNPACKING pc=0x0000012bb8c23aa2 sp=0x0000000451eff0b0 mode 2

Classes loaded (20 events):
Event: 248.283 Loading class java/util/stream/DistinctOps$1$2
Event: 248.283 Loading class java/util/stream/DistinctOps$1$2 done
Event: 248.941 Loading class jdk/internal/reflect/MethodHandleByteFieldAccessorImpl
Event: 248.941 Loading class jdk/internal/reflect/MethodHandleByteFieldAccessorImpl done
Event: 381.178 Loading class java/util/stream/Nodes$CollectorTask$OfRef
Event: 381.178 Loading class java/util/stream/Nodes$CollectorTask
Event: 381.178 Loading class java/util/stream/Nodes$CollectorTask done
Event: 381.178 Loading class java/util/stream/Nodes$CollectorTask$OfRef done
Event: 381.178 Loading class java/util/function/LongFunction
Event: 381.178 Loading class java/util/function/LongFunction done
Event: 381.179 Loading class java/util/stream/Nodes$ConcNode
Event: 381.179 Loading class java/util/stream/Nodes$AbstractConcNode
Event: 381.179 Loading class java/util/stream/Nodes$AbstractConcNode done
Event: 381.179 Loading class java/util/stream/Nodes$ConcNode done
Event: 381.183 Loading class java/io/ObjectOutputStream$BlockDataOutputStream
Event: 381.183 Loading class java/io/ObjectOutputStream$BlockDataOutputStream done
Event: 381.183 Loading class java/io/ObjectOutputStream$HandleTable
Event: 381.183 Loading class java/io/ObjectOutputStream$HandleTable done
Event: 381.184 Loading class java/io/ObjectOutputStream$ReplaceTable
Event: 381.184 Loading class java/io/ObjectOutputStream$ReplaceTable done

Classes unloaded (7 events):
Event: 80.405 Thread 0x0000012bc4e5b000 Unloading class 0x0000012bc61aac00 'java/lang/invoke/LambdaForm$MH+0x0000012bc61aac00'
Event: 80.405 Thread 0x0000012bc4e5b000 Unloading class 0x0000012bc61aa800 'java/lang/invoke/LambdaForm$MH+0x0000012bc61aa800'
Event: 80.405 Thread 0x0000012bc4e5b000 Unloading class 0x0000012bc61aa400 'java/lang/invoke/LambdaForm$MH+0x0000012bc61aa400'
Event: 80.405 Thread 0x0000012bc4e5b000 Unloading class 0x0000012bc61aa000 'java/lang/invoke/LambdaForm$MH+0x0000012bc61aa000'
Event: 80.405 Thread 0x0000012bc4e5b000 Unloading class 0x0000012bc61a9c00 'java/lang/invoke/LambdaForm$BMH+0x0000012bc61a9c00'
Event: 80.405 Thread 0x0000012bc4e5b000 Unloading class 0x0000012bc61a9800 'java/lang/invoke/LambdaForm$DMH+0x0000012bc61a9800'
Event: 80.405 Thread 0x0000012bc4e5b000 Unloading class 0x0000012bc61a8800 'java/lang/invoke/LambdaForm$DMH+0x0000012bc61a8800'

Classes redefined (0 events):
No events

Internal exceptions (20 events):
Event: 240.519 Thread 0x0000012c0d8dd7e0 Exception <a 'sun/nio/fs/WindowsException'{0x00000000d5d26090}> (0x00000000d5d26090) 
thrown [s\src\hotspot\share\prims\jni.cpp, line 520]
Event: 240.520 Thread 0x0000012c0d8dd7e0 Exception <a 'sun/nio/fs/WindowsException'{0x00000000d5d26970}> (0x00000000d5d26970) 
thrown [s\src\hotspot\share\prims\jni.cpp, line 520]
Event: 240.522 Thread 0x0000012c0d8dd7e0 Exception <a 'sun/nio/fs/WindowsException'{0x00000000d5d2db20}> (0x00000000d5d2db20) 
thrown [s\src\hotspot\share\prims\jni.cpp, line 520]
Event: 240.522 Thread 0x0000012c0d8dd7e0 Exception <a 'sun/nio/fs/WindowsException'{0x00000000d5d2e150}> (0x00000000d5d2e150) 
thrown [s\src\hotspot\share\prims\jni.cpp, line 520]
Event: 240.918 Thread 0x0000012c0c212d70 Exception <a 'java/io/FileNotFoundException'{0x00000000d5808f70}> (0x00000000d5808f70) 
thrown [s\src\hotspot\share\prims\jni.cpp, line 520]
Event: 241.309 Thread 0x0000012c0c212d70 Exception <a 'java/lang/NoSuchMethodError'{0x00000000d55cac08}: 'java.lang.Object java.lang.invoke.DirectMethodHandle$Holder.invokeVirtual(java.lang.Object, java.lang.Object, java.lang.Object, java.lang.Object)'> (0x00000000d55cac08) 
thrown [s\src\hotspot\share\interpreter\linkResolver.cpp, line 773]
Event: 241.495 Thread 0x0000012c0c2154d0 Exception <a 'java/lang/NoSuchMethodError'{0x00000000d59ea7d0}: 'java.lang.Object java.lang.invoke.DirectMethodHandle$Holder.invokeStatic(java.lang.Object, long, java.lang.Object, java.lang.Object)'> (0x00000000d59ea7d0) 
thrown [s\src\hotspot\share\interpreter\linkResolver.cpp, line 773]
Event: 241.508 Thread 0x0000012c0c2154d0 Exception <a 'sun/nio/fs/WindowsException'{0x00000000d5a5e9d0}> (0x00000000d5a5e9d0) 
thrown [s\src\hotspot\share\prims\jni.cpp, line 520]
Event: 241.508 Thread 0x0000012c0c2154d0 Exception <a 'sun/nio/fs/WindowsException'{0x00000000d5a5fa28}> (0x00000000d5a5fa28) 
thrown [s\src\hotspot\share\prims\jni.cpp, line 520]
Event: 241.528 Thread 0x0000012c0c2154d0 Exception <a 'java/io/FileNotFoundException'{0x00000000d5b6c998}> (0x00000000d5b6c998) 
thrown [s\src\hotspot\share\prims\jni.cpp, line 520]
Event: 241.528 Thread 0x0000012c0c2154d0 Exception <a 'java/io/FileNotFoundException'{0x00000000d5b6d9c0}> (0x00000000d5b6d9c0) 
thrown [s\src\hotspot\share\prims\jni.cpp, line 520]
Event: 241.569 Thread 0x0000012c0c2154d0 Exception <a 'java/lang/NoSuchMethodError'{0x00000000d5c668c0}: 'java.lang.Object java.lang.invoke.DirectMethodHandle$Holder.newInvokeSpecial(java.lang.Object, java.lang.Object, java.lang.Object, java.lang.Object, java.lang.Object, java.lang.Object, java.lang.Object, java.lang.Object, java.lang.Object)'> (0x00000000d5c668c0) 
thrown [s\src\hotspot\share\interpreter\linkResolver.cpp, line 773]
Event: 243.382 Thread 0x0000012c0c216f10 Exception <a 'java/lang/NoSuchMethodError'{0x00000000d5c9c878}: 'long java.lang.invoke.DelegatingMethodHandle$Holder.reinvoke_L(java.lang.Object, java.lang.Object)'> (0x00000000d5c9c878) 
thrown [s\src\hotspot\share\interpreter\linkResolver.cpp, line 773]
Event: 243.391 Thread 0x0000012c0c216f10 Exception <a 'java/lang/NoSuchMethodError'{0x00000000d5ca6a38}: 'void java.lang.invoke.DelegatingMethodHandle$Holder.reinvoke_L(java.lang.Object, java.lang.Object, long)'> (0x00000000d5ca6a38) 
thrown [s\src\hotspot\share\interpreter\linkResolver.cpp, line 773]
Event: 248.167 Thread 0x0000012c0c216f10 Exception <a 'java/lang/NoSuchMethodError'{0x00000000d57b5cf8}: 'long java.lang.invoke.Invokers$Holder.invokeExact_MT(java.lang.Object, java.lang.Object, java.lang.Object)'> (0x00000000d57b5cf8) 
thrown [s\src\hotspot\share\interpreter\linkResolver.cpp, line 773]
Event: 248.928 Thread 0x0000012c0c2154d0 Implicit null exception at 0x0000012bb99395c0 to 0x0000012bb9939a58
Event: 248.949 Thread 0x0000012c0c2154d0 Exception <a 'java/lang/NoSuchMethodError'{0x00000000d5a13080}: 'java.lang.Object java.lang.invoke.DirectMethodHandle$Holder.newInvokeSpecial(java.lang.Object, java.lang.Object, java.lang.Object, int, int)'> (0x00000000d5a13080) 
thrown [s\src\hotspot\share\interpreter\linkResolver.cpp, line 773]
Event: 248.949 Thread 0x0000012c0c2154d0 Exception <a 'java/lang/NoSuchMethodError'{0x00000000d5a1aae0}: 'java.lang.Object java.lang.invoke.Invokers$Holder.linkToTargetMethod(java.lang.Object, java.lang.Object, int, int, java.lang.Object)'> (0x00000000d5a1aae0) 
thrown [s\src\hotspot\share\interpreter\linkResolver.cpp, line 773]
Event: 249.052 Thread 0x0000012c0c2154d0 Exception <a 'java/lang/NoSuchMethodError'{0x00000000d5c154f8}: 'void java.lang.invoke.DirectMethodHandle$Holder.invokeSpecial(java.lang.Object, java.lang.Object, int, java.lang.Object, java.lang.Object)'> (0x00000000d5c154f8) 
thrown [s\src\hotspot\share\interpreter\linkResolver.cpp, line 773]
Event: 381.189 Thread 0x0000012c0b4601d0 Exception <a 'java/lang/NoSuchMethodError'{0x00000000d578f048}: 'java.lang.Object java.lang.invoke.DirectMethodHandle$Holder.newInvokeSpecial(java.lang.Object, java.lang.Object, java.lang.Object, java.lang.Object, java.lang.Object, java.lang.Object, java.lang.Object, java.lang.Object)'> (0x00000000d578f048) 
thrown [s\src\hotspot\share\interpreter\linkResolver.cpp, line 773]

ZGC Phase Switch (0 events):
No events

VM Operations (20 events):
Event: 5411.313 Executing VM operation: RendezvousGCThreads
Event: 5411.313 Executing VM operation: RendezvousGCThreads done
Event: 5777.492 Executing VM operation: Cleanup
Event: 5777.493 Executing VM operation: Cleanup done
Event: 5831.893 Executing VM operation: HandshakeAllThreads (HandshakeForDeflation)
Event: 5831.894 Executing VM operation: HandshakeAllThreads (HandshakeForDeflation) done
Event: 5831.894 Executing VM operation: RendezvousGCThreads
Event: 5831.894 Executing VM operation: RendezvousGCThreads done
Event: 6734.087 Executing VM operation: HandshakeAllThreads (HandshakeForDeflation)
Event: 6734.087 Executing VM operation: HandshakeAllThreads (HandshakeForDeflation) done
Event: 6734.087 Executing VM operation: RendezvousGCThreads
Event: 6734.087 Executing VM operation: RendezvousGCThreads done
Event: 7696.167 Executing VM operation: HandshakeAllThreads (HandshakeForDeflation)
Event: 7696.167 Executing VM operation: HandshakeAllThreads (HandshakeForDeflation) done
Event: 7696.167 Executing VM operation: RendezvousGCThreads
Event: 7696.167 Executing VM operation: RendezvousGCThreads done
Event: 7997.008 Executing VM operation: HandshakeAllThreads (HandshakeForDeflation)
Event: 7997.008 Executing VM operation: HandshakeAllThreads (HandshakeForDeflation) done
Event: 7997.008 Executing VM operation: RendezvousGCThreads
Event: 7997.008 Executing VM operation: RendezvousGCThreads done

Memory protections (0 events):
No events

Nmethod flushes (20 events):
Event: 137.922 Thread 0x0000012bc4e5b000 flushing  nmethod 0x0000012bb1f96e90
Event: 137.922 Thread 0x0000012bc4e5b000 flushing  nmethod 0x0000012bb1f99410
Event: 137.922 Thread 0x0000012bc4e5b000 flushing  nmethod 0x0000012bb1f99890
Event: 137.922 Thread 0x0000012bc4e5b000 flushing  nmethod 0x0000012bb1f99c90
Event: 137.922 Thread 0x0000012bc4e5b000 flushing  nmethod 0x0000012bb1f9a710
Event: 137.922 Thread 0x0000012bc4e5b000 flushing  nmethod 0x0000012bb1fa9a90
Event: 137.922 Thread 0x0000012bc4e5b000 flushing osr nmethod 0x0000012bb1fbec90
Event: 137.922 Thread 0x0000012bc4e5b000 flushing  nmethod 0x0000012bb1fc1e90
Event: 137.922 Thread 0x0000012bc4e5b000 flushing  nmethod 0x0000012bb1fd1210
Event: 137.922 Thread 0x0000012bc4e5b000 flushing  nmethod 0x0000012bb2004e10
Event: 137.922 Thread 0x0000012bc4e5b000 flushing  nmethod 0x0000012bb2006610
Event: 137.922 Thread 0x0000012bc4e5b000 flushing  nmethod 0x0000012bb2009910
Event: 137.922 Thread 0x0000012bc4e5b000 flushing  nmethod 0x0000012bb200a510
Event: 137.922 Thread 0x0000012bc4e5b000 flushing  nmethod 0x0000012bb2028590
Event: 137.922 Thread 0x0000012bc4e5b000 flushing  nmethod 0x0000012bb202e890
Event: 137.922 Thread 0x0000012bc4e5b000 flushing  nmethod 0x0000012bb205ab90
Event: 137.922 Thread 0x0000012bc4e5b000 flushing  nmethod 0x0000012bb205e390
Event: 137.922 Thread 0x0000012bc4e5b000 flushing  nmethod 0x0000012bb206a510
Event: 137.922 Thread 0x0000012bc4e5b000 flushing  nmethod 0x0000012bb209cc90
Event: 137.922 Thread 0x0000012bc4e5b000 flushing  nmethod 0x0000012bb20e0210

Events (20 events):
Event: 422.728 Thread 0x0000012c0b461c10 Thread exited: 0x0000012c0b461c10
Event: 437.638 Thread 0x0000012c0d8e2010 Thread exited: 0x0000012c0d8e2010
Event: 437.645 Thread 0x0000012c0d8e05d0 Thread exited: 0x0000012c0d8e05d0
Event: 455.703 Thread 0x0000012c0d8db710 Thread exited: 0x0000012c0d8db710
Event: 455.710 Thread 0x0000012c0d8e26a0 Thread exited: 0x0000012c0d8e26a0
Event: 482.732 Thread 0x0000012c0b45ee20 Thread exited: 0x0000012c0b45ee20
Event: 3625.616 Thread 0x0000012c0d8dbda0 Thread added: 0x0000012c0c219d00
Event: 3625.749 Thread 0x0000012c0c219d00 Thread added: 0x0000012c0c214120
Event: 3626.378 Thread 0x0000012bc4ef8b00 Thread added: 0x0000012c0ceaec70
Event: 3626.629 Thread 0x0000012c0ceaec70 Thread exited: 0x0000012c0ceaec70
Event: 3686.651 Thread 0x0000012c0c219d00 Thread exited: 0x0000012c0c219d00
Event: 3746.655 Thread 0x0000012c0c214120 Thread exited: 0x0000012c0c214120
Event: 4527.260 Thread 0x0000012c0d8dbda0 Thread added: 0x0000012c0c214120
Event: 4527.279 Thread 0x0000012c0c214120 Thread added: 0x0000012c0c219d00
Event: 4527.284 Thread 0x0000012c0c214120 Thread added: 0x0000012c0c213400
Event: 4527.838 Thread 0x0000012bc4ef8b00 Thread added: 0x0000012c0ceb00e0
Event: 4532.894 Thread 0x0000012c0ceb00e0 Thread exited: 0x0000012c0ceb00e0
Event: 4587.875 Thread 0x0000012c0c214120 Thread exited: 0x0000012c0c214120
Event: 4647.874 Thread 0x0000012c0c219d00 Thread exited: 0x0000012c0c219d00
Event: 4707.875 Thread 0x0000012c0c213400 Thread exited: 0x0000012c0c213400


Dynamic libraries:
0x00007ff6dd280000 - 0x00007ff6dd28e000 	c:\Users\servisofts\.vscode\extensions\redhat.java-1.44.0-win32-x64\jre\21.0.8-win32-x86_64\bin\java.exe
0x00007ff993790000 - 0x00007ff993988000 	C:\Windows\SYSTEM32\ntdll.dll
0x00007ff991c90000 - 0x00007ff991d52000 	C:\Windows\System32\KERNEL32.DLL
0x00007ff990e70000 - 0x00007ff991167000 	C:\Windows\System32\KERNELBASE.dll
0x00007ff9914c0000 - 0x00007ff9915c0000 	C:\Windows\System32\ucrtbase.dll
0x00007ff987c30000 - 0x00007ff987c48000 	c:\Users\servisofts\.vscode\extensions\redhat.java-1.44.0-win32-x64\jre\21.0.8-win32-x86_64\bin\jli.dll
0x00007ff9935b0000 - 0x00007ff99374d000 	C:\Windows\System32\USER32.dll
0x00007ff9915c0000 - 0x00007ff9915e2000 	C:\Windows\System32\win32u.dll
0x00007ff992c30000 - 0x00007ff992c5b000 	C:\Windows\System32\GDI32.dll
0x00007ff9915f0000 - 0x00007ff991709000 	C:\Windows\System32\gdi32full.dll
0x00007ff991710000 - 0x00007ff9917ad000 	C:\Windows\System32\msvcp_win.dll
0x00007ff9786e0000 - 0x00007ff9786fe000 	c:\Users\servisofts\.vscode\extensions\redhat.java-1.44.0-win32-x64\jre\21.0.8-win32-x86_64\bin\VCRUNTIME140.dll
0x00007ff980da0000 - 0x00007ff98103a000 	C:\Windows\WinSxS\amd64_microsoft.windows.common-controls_6595b64144ccf1df_6.0.19041.5915_none_60b4b9d171f9c7c7\COMCTL32.dll
0x00007ff992b90000 - 0x00007ff992c2e000 	C:\Windows\System32\msvcrt.dll
0x00007ff991de0000 - 0x00007ff991e0f000 	C:\Windows\System32\IMM32.DLL
0x00007ff98c5d0000 - 0x00007ff98c5dc000 	c:\Users\servisofts\.vscode\extensions\redhat.java-1.44.0-win32-x64\jre\21.0.8-win32-x86_64\bin\vcruntime140_1.dll
0x00007ff966cb0000 - 0x00007ff966d3d000 	c:\Users\servisofts\.vscode\extensions\redhat.java-1.44.0-win32-x64\jre\21.0.8-win32-x86_64\bin\msvcp140.dll
0x00007ff9618b0000 - 0x00007ff962647000 	c:\Users\servisofts\.vscode\extensions\redhat.java-1.44.0-win32-x64\jre\21.0.8-win32-x86_64\bin\server\jvm.dll
0x00007ff991810000 - 0x00007ff9918c1000 	C:\Windows\System32\ADVAPI32.dll
0x00007ff991e10000 - 0x00007ff991eaf000 	C:\Windows\System32\sechost.dll
0x00007ff991eb0000 - 0x00007ff991fd6000 	C:\Windows\System32\RPCRT4.dll
0x00007ff991170000 - 0x00007ff991197000 	C:\Windows\System32\bcrypt.dll
0x00007ff992260000 - 0x00007ff9922cb000 	C:\Windows\System32\WS2_32.dll
0x00007ff990350000 - 0x00007ff99039b000 	C:\Windows\SYSTEM32\POWRPROF.dll
0x00007ff987bd0000 - 0x00007ff987bf7000 	C:\Windows\SYSTEM32\WINMM.dll
0x00007ff98b640000 - 0x00007ff98b64a000 	C:\Windows\SYSTEM32\VERSION.dll
0x00007ff990220000 - 0x00007ff990232000 	C:\Windows\SYSTEM32\UMPDC.dll
0x00007ff98ecc0000 - 0x00007ff98ecd2000 	C:\Windows\SYSTEM32\kernel.appcore.dll
0x00007ff977ef0000 - 0x00007ff977efa000 	c:\Users\servisofts\.vscode\extensions\redhat.java-1.44.0-win32-x64\jre\21.0.8-win32-x86_64\bin\jimage.dll
0x00007ff987130000 - 0x00007ff987331000 	C:\Windows\SYSTEM32\DBGHELP.DLL
0x00007ff9753c0000 - 0x00007ff9753f4000 	C:\Windows\SYSTEM32\dbgcore.DLL
0x00007ff9913b0000 - 0x00007ff991432000 	C:\Windows\System32\bcryptPrimitives.dll
0x00007ff977610000 - 0x00007ff97761f000 	c:\Users\servisofts\.vscode\extensions\redhat.java-1.44.0-win32-x64\jre\21.0.8-win32-x86_64\bin\instrument.dll
0x00007ff966820000 - 0x00007ff96683f000 	c:\Users\servisofts\.vscode\extensions\redhat.java-1.44.0-win32-x64\jre\21.0.8-win32-x86_64\bin\java.dll
0x00007ff9922d0000 - 0x00007ff992a3e000 	C:\Windows\System32\SHELL32.dll
0x00007ff98eec0000 - 0x00007ff98f664000 	C:\Windows\SYSTEM32\windows.storage.dll
0x00007ff9918d0000 - 0x00007ff991c23000 	C:\Windows\System32\combase.dll
0x00007ff990850000 - 0x00007ff99087b000 	C:\Windows\SYSTEM32\Wldp.dll
0x00007ff993070000 - 0x00007ff99313d000 	C:\Windows\System32\OLEAUT32.dll
0x00007ff992c70000 - 0x00007ff992d1d000 	C:\Windows\System32\SHCORE.dll
0x00007ff991c30000 - 0x00007ff991c8b000 	C:\Windows\System32\shlwapi.dll
0x00007ff990d50000 - 0x00007ff990d74000 	C:\Windows\SYSTEM32\profapi.dll
0x00007ff966620000 - 0x00007ff966638000 	c:\Users\servisofts\.vscode\extensions\redhat.java-1.44.0-win32-x64\jre\21.0.8-win32-x86_64\bin\zip.dll
0x00007ff976950000 - 0x00007ff976960000 	C:\Users\servisofts\.vscode\extensions\redhat.java-1.44.0-win32-x64\jre\21.0.8-win32-x86_64\bin\net.dll
0x00007ff98af50000 - 0x00007ff98b05a000 	C:\Windows\SYSTEM32\WINHTTP.dll
0x00007ff9905b0000 - 0x00007ff99061a000 	C:\Windows\system32\mswsock.dll
0x00007ff966080000 - 0x00007ff966096000 	C:\Users\servisofts\.vscode\extensions\redhat.java-1.44.0-win32-x64\jre\21.0.8-win32-x86_64\bin\nio.dll
0x00007ff96b660000 - 0x00007ff96b670000 	c:\Users\servisofts\.vscode\extensions\redhat.java-1.44.0-win32-x64\jre\21.0.8-win32-x86_64\bin\verify.dll
0x00007ff96bce0000 - 0x00007ff96bd25000 	C:\Users\servisofts\AppData\Roaming\Code\User\globalStorage\redhat.java\1.44.0\config_win\org.eclipse.equinox.launcher\org.eclipse.equinox.launcher.win32.win32.x86_64_1.2.1400.v20250730-1736\eclipse_11913.dll
0x00007ff992d20000 - 0x00007ff992e4b000 	C:\Windows\System32\ole32.dll
0x00007ff9907a0000 - 0x00007ff9907b8000 	C:\Windows\SYSTEM32\CRYPTSP.dll
0x00007ff98fe60000 - 0x00007ff98fe98000 	C:\Windows\system32\rsaenh.dll
0x00007ff990cd0000 - 0x00007ff990cfe000 	C:\Windows\SYSTEM32\USERENV.dll
0x00007ff9907c0000 - 0x00007ff9907cc000 	C:\Windows\SYSTEM32\CRYPTBASE.dll
0x00007ff990240000 - 0x00007ff99027b000 	C:\Windows\SYSTEM32\IPHLPAPI.DLL
0x00007ff992b60000 - 0x00007ff992b68000 	C:\Windows\System32\NSI.dll
0x00007ff96be70000 - 0x00007ff96beb9000 	C:\Users\servisofts\AppData\Local\Temp\jna--1709682090\jna8250023404080521107.dll
0x00007ff993000000 - 0x00007ff993008000 	C:\Windows\System32\PSAPI.DLL
0x00007ff98b9d0000 - 0x00007ff98b9e7000 	C:\Windows\SYSTEM32\dhcpcsvc6.DLL
0x00007ff98b8a0000 - 0x00007ff98b8bd000 	C:\Windows\SYSTEM32\dhcpcsvc.DLL
0x00007ff9778b0000 - 0x00007ff9778be000 	C:\Users\servisofts\.vscode\extensions\redhat.java-1.44.0-win32-x64\jre\21.0.8-win32-x86_64\bin\sunmscapi.dll
0x00007ff9911a0000 - 0x00007ff9912fd000 	C:\Windows\System32\CRYPT32.dll
0x00007ff9908c0000 - 0x00007ff9908e7000 	C:\Windows\SYSTEM32\ncrypt.dll
0x00007ff990880000 - 0x00007ff9908bb000 	C:\Windows\SYSTEM32\NTASN1.dll
0x00007ff990280000 - 0x00007ff99034a000 	C:\Windows\SYSTEM32\DNSAPI.dll
0x00007ff986be0000 - 0x00007ff986bea000 	C:\Windows\System32\rasadhlp.dll
0x00007ff986af0000 - 0x00007ff986b70000 	C:\Windows\System32\fwpuclnt.dll
0x00007ff9778a0000 - 0x00007ff9778a9000 	C:\Users\servisofts\.vscode\extensions\redhat.java-1.44.0-win32-x64\jre\21.0.8-win32-x86_64\bin\extnet.dll

JVMTI agents:
c:\Users\servisofts\.vscode\extensions\redhat.java-1.44.0-win32-x64\lombok\lombok-1.18.39-4050.jar path:c:\Users\servisofts\.vscode\extensions\redhat.java-1.44.0-win32-x64\jre\21.0.8-win32-x86_64\bin\instrument.dll, loaded, initialized, instrumentlib options:none

dbghelp: loaded successfully - version: 4.0.5 - missing functions: none
symbol engine: initialized successfully - sym options: 0x614 - pdb path: .;c:\Users\servisofts\.vscode\extensions\redhat.java-1.44.0-win32-x64\jre\21.0.8-win32-x86_64\bin;C:\Windows\SYSTEM32;C:\Windows\WinSxS\amd64_microsoft.windows.common-controls_6595b64144ccf1df_6.0.19041.5915_none_60b4b9d171f9c7c7;c:\Users\servisofts\.vscode\extensions\redhat.java-1.44.0-win32-x64\jre\21.0.8-win32-x86_64\bin\server;C:\Users\servisofts\AppData\Roaming\Code\User\globalStorage\redhat.java\1.44.0\config_win\org.eclipse.equinox.launcher\org.eclipse.equinox.launcher.win32.win32.x86_64_1.2.1400.v20250730-1736;C:\Users\servisofts\AppData\Local\Temp\jna--1709682090

VM Arguments:
jvm_args: --add-modules=ALL-SYSTEM --add-opens=java.base/java.util=ALL-UNNAMED --add-opens=java.base/java.lang=ALL-UNNAMED --add-opens=java.base/sun.nio.fs=ALL-UNNAMED -Declipse.application=org.eclipse.jdt.ls.core.id1 -Dosgi.bundles.defaultStartLevel=4 -Declipse.product=org.eclipse.jdt.ls.core.product -Djava.import.generatesMetadataFilesAtProjectRoot=false -DDetectVMInstallationsJob.disabled=true -Dfile.encoding=utf8 -XX:+UseParallelGC -XX:GCTimeRatio=4 -XX:AdaptiveSizePolicyWeight=90 -Dsun.zip.disableMemoryMapping=true -Xmx2G -Xms100m -Xlog:disable -javaagent:c:\Users\servisofts\.vscode\extensions\redhat.java-1.44.0-win32-x64\lombok\lombok-1.18.39-4050.jar -XX:+HeapDumpOnOutOfMemoryError -XX:HeapDumpPath=c:\Users\servisofts\AppData\Roaming\Code\User\workspaceStorage\9b547ea94417926077dcc4588e29961c\redhat.java -Daether.dependencyCollector.impl=bf 
java_command: c:\Users\servisofts\.vscode\extensions\redhat.java-1.44.0-win32-x64\server\plugins\org.eclipse.equinox.launcher_1.7.0.v20250519-0528.jar -configuration c:\Users\servisofts\AppData\Roaming\Code\User\globalStorage\redhat.java\1.44.0\config_win -data c:\Users\servisofts\AppData\Roaming\Code\User\workspaceStorage\9b547ea94417926077dcc4588e29961c\redhat.java\jdt_ws --pipe=\\.\pipe\lsp-f26a3832527cb530e519103658570ae7-sock
java_class_path (initial): c:\Users\servisofts\.vscode\extensions\redhat.java-1.44.0-win32-x64\server\plugins\org.eclipse.equinox.launcher_1.7.0.v20250519-0528.jar
Launcher Type: SUN_STANDARD

[Global flags]
    uintx AdaptiveSizePolicyWeight                 = 90                                        {product} {command line}
     intx CICompilerCount                          = 3                                         {product} {ergonomic}
    uintx GCTimeRatio                              = 4                                         {product} {command line}
     bool HeapDumpOnOutOfMemoryError               = true                                   {manageable} {command line}
    ccstr HeapDumpPath                             = c:\Users\servisofts\AppData\Roaming\Code\User\workspaceStorage\9b547ea94417926077dcc4588e29961c\redhat.java         {manageable} {command line}
   size_t InitialHeapSize                          = 104857600                                 {product} {command line}
   size_t MaxHeapSize                              = 2147483648                                {product} {command line}
   size_t MaxNewSize                               = 715653120                                 {product} {ergonomic}
   size_t MinHeapDeltaBytes                        = 524288                                    {product} {ergonomic}
   size_t MinHeapSize                              = 104857600                                 {product} {command line}
   size_t NewSize                                  = 34603008                                  {product} {ergonomic}
    uintx NonNMethodCodeHeapSize                   = 5832780                                {pd product} {ergonomic}
    uintx NonProfiledCodeHeapSize                  = 122912730                              {pd product} {ergonomic}
   size_t OldSize                                  = 70254592                                  {product} {ergonomic}
    uintx ProfiledCodeHeapSize                     = 122912730                              {pd product} {ergonomic}
    uintx ReservedCodeCacheSize                    = 251658240                              {pd product} {ergonomic}
     bool SegmentedCodeCache                       = true                                      {product} {ergonomic}
   size_t SoftMaxHeapSize                          = 2147483648                             {manageable} {ergonomic}
     bool UseCompressedOops                        = true                           {product lp64_product} {ergonomic}
     bool UseLargePagesIndividualAllocation        = false                                  {pd product} {ergonomic}
     bool UseParallelGC                            = true                                      {product} {command line}

Logging:
Log output configuration:
 #0: stdout all=off uptime,level,tags foldmultilines=false
 #1: stderr all=off uptime,level,tags foldmultilines=false

Environment Variables:
PATH=C:\Program Files\Common Files\Oracle\Java\javapath;C:\Windows\system32;C:\Windows;C:\Windows\System32\Wbem;C:\Windows\System32\WindowsPowerShell\v1.0\;C:\Windows\System32\OpenSSH\;C:\Users\servisofts\AppData\Local\nvm;C:\nvm4w\nodejs;C:\Program Files\Git\cmd;C:\Users\servisofts\AppData\Local\Microsoft\WindowsApps;C:\Users\servisofts\AppData\Local\Programs\Microsoft VS Code\bin;C:\Users\servisofts\AppData\Local\GitHubDesktop\bin;C:\Users\servisofts\AppData\Local\nvm;C:\nvm4w\nodejs;
USERNAME=servisofts
OS=Windows_NT
PROCESSOR_IDENTIFIER=Intel64 Family 6 Model 94 Stepping 3, GenuineIntel
TMP=C:\Users\SERVIS~1\AppData\Local\Temp
TEMP=C:\Users\SERVIS~1\AppData\Local\Temp




Periodic native trim disabled

---------------  S Y S T E M  ---------------

OS:
 Windows 10 , 64 bit Build 19041 (10.0.19041.5915)
OS uptime: 0 days 2:16 hours

CPU: total 4 (initial active 4) (4 cores per cpu, 1 threads per core) family 6 model 94 stepping 3 microcode 0xcc, cx8, cmov, fxsr, mmx, 3dnowpref, sse, sse2, sse3, ssse3, sse4.1, sse4.2, popcnt, lzcnt, tsc, tscinvbit, avx, avx2, aes, erms, clmul, bmi1, bmi2, adx, fma, vzeroupper, clflush, clflushopt, rdtscp, f16c
Processor Information for the first 4 processors :
  Max Mhz: 2701, Current Mhz: 2701, Mhz Limit: 2701

Memory: 4k page, system-wide physical 16323M (2806M free)
TotalPageFile size 44857M (AvailPageFile size 1M)
current process WorkingSet (physical memory assigned to process): 157M, peak: 1140M
current process commit charge ("private bytes"): 1084M, peak: 1089M

vm_info: OpenJDK 64-Bit Server VM (21.0.8+9-LTS) for windows-amd64 JRE (21.0.8+9-LTS), built on 2025-07-15T00:00:00Z by "admin" with MS VC++ 17.7 (VS2022)

END.
